###############################################################################
#
# IAR ANSI C/C++ Compiler V7.20.2.7424/W32 for ARM        25/Jul/2015  16:58:12
# Copyright 1999-2014 IAR Systems AB.
#
#    Cpu mode     =  thumb
#    Endian       =  little
#    Source file  =  
#        C:\Users\Administrator\Desktop\lpld\LPLD_OSKinetis_V3.1\lib\LPLD\HW\HW_PDB.c
#    Command line =  
#        C:\Users\Administrator\Desktop\lpld\LPLD_OSKinetis_V3.1\lib\LPLD\HW\HW_PDB.c
#        -D LPLD_K60 -D USE_K60F12 -lCN
#        C:\Users\Administrator\Desktop\lpld\LPLD_OSKinetis_V3.1\project\ligen_car通用7-23-20.36\iar\FLASH\List\
#        -lB
#        C:\Users\Administrator\Desktop\lpld\LPLD_OSKinetis_V3.1\project\ligen_car通用7-23-20.36\iar\FLASH\List\
#        -o
#        C:\Users\Administrator\Desktop\lpld\LPLD_OSKinetis_V3.1\project\ligen_car通用7-23-20.36\iar\FLASH\Obj\
#        --no_cse --no_unroll --no_inline --no_code_motion --no_tbaa
#        --no_clustering --no_scheduling --debug --endian=little
#        --cpu=Cortex-M4F -e --fpu=None --dlib_config "C:\Program Files\IAR
#        Systems\Embedded Workbench 7.0\arm\INC\c\DLib_Config_Normal.h" -I
#        C:\Users\Administrator\Desktop\lpld\LPLD_OSKinetis_V3.1\project\ligen_car通用7-23-20.36\iar\..\app\
#        -I
#        C:\Users\Administrator\Desktop\lpld\LPLD_OSKinetis_V3.1\project\ligen_car通用7-23-20.36\iar\..\..\..\lib\CPU\
#        -I
#        C:\Users\Administrator\Desktop\lpld\LPLD_OSKinetis_V3.1\project\ligen_car通用7-23-20.36\iar\..\..\..\lib\common\
#        -I
#        C:\Users\Administrator\Desktop\lpld\LPLD_OSKinetis_V3.1\project\ligen_car通用7-23-20.36\iar\..\..\..\lib\LPLD\
#        -I
#        C:\Users\Administrator\Desktop\lpld\LPLD_OSKinetis_V3.1\project\ligen_car通用7-23-20.36\iar\..\..\..\lib\LPLD\HW\
#        -I
#        C:\Users\Administrator\Desktop\lpld\LPLD_OSKinetis_V3.1\project\ligen_car通用7-23-20.36\iar\..\..\..\lib\LPLD\DEV\
#        -I
#        C:\Users\Administrator\Desktop\lpld\LPLD_OSKinetis_V3.1\project\ligen_car通用7-23-20.36\iar\..\..\..\lib\LPLD\FUNC\
#        -I
#        C:\Users\Administrator\Desktop\lpld\LPLD_OSKinetis_V3.1\project\ligen_car通用7-23-20.36\iar\..\..\..\lib\uCOS-II\Ports\
#        -I
#        C:\Users\Administrator\Desktop\lpld\LPLD_OSKinetis_V3.1\project\ligen_car通用7-23-20.36\iar\..\..\..\lib\uCOS-II\Source\
#        -I
#        C:\Users\Administrator\Desktop\lpld\LPLD_OSKinetis_V3.1\project\ligen_car通用7-23-20.36\iar\..\..\..\lib\FatFs\
#        -I
#        C:\Users\Administrator\Desktop\lpld\LPLD_OSKinetis_V3.1\project\ligen_car通用7-23-20.36\iar\..\..\..\lib\FatFs\option\
#        -I
#        C:\Users\Administrator\Desktop\lpld\LPLD_OSKinetis_V3.1\project\ligen_car通用7-23-20.36\iar\..\..\..\lib\USB\common\
#        -I
#        C:\Users\Administrator\Desktop\lpld\LPLD_OSKinetis_V3.1\project\ligen_car通用7-23-20.36\iar\..\..\..\lib\USB\driver\
#        -I
#        C:\Users\Administrator\Desktop\lpld\LPLD_OSKinetis_V3.1\project\ligen_car通用7-23-20.36\iar\..\..\..\lib\USB\descriptor\
#        -I
#        C:\Users\Administrator\Desktop\lpld\LPLD_OSKinetis_V3.1\project\ligen_car通用7-23-20.36\iar\..\..\..\lib\USB\class\
#        -Ol -I "C:\Program Files\IAR Systems\Embedded Workbench
#        7.0\arm\CMSIS\Include\" -D ARM_MATH_CM4
#    List file    =  
#        C:\Users\Administrator\Desktop\lpld\LPLD_OSKinetis_V3.1\project\ligen_car通用7-23-20.36\iar\FLASH\List\HW_PDB.lst
#    Object file  =  
#        C:\Users\Administrator\Desktop\lpld\LPLD_OSKinetis_V3.1\project\ligen_car通用7-23-20.36\iar\FLASH\Obj\HW_PDB.o
#
###############################################################################

C:\Users\Administrator\Desktop\lpld\LPLD_OSKinetis_V3.1\lib\LPLD\HW\HW_PDB.c
      1          /**
      2           * @file HW_PDB.c
      3           * @version 3.0[By LPLD]
      4           * @date 2013-06-18
      5           * @brief PDB底层模块相关函数
      6           *
      7           * 更改建议:不建议修改
      8           *
      9           * 版权所有:北京拉普兰德电子技术有限公司
     10           * http://www.lpld.cn
     11           * mail:support@lpld.cn
     12           *
     13           * @par
     14           * 本代码由拉普兰德[LPLD]开发并维护，并向所有使用者开放源代码。
     15           * 开发者可以随意修使用或改源代码。但本段及以上注释应予以保留。
     16           * 不得更改或删除原版权所有者姓名，二次开发者可以加注二次版权所有者。
     17           * 但应在遵守此协议的基础上，开放源代码、不得出售代码本身。
     18           * 拉普兰德不负责由于使用本代码所带来的任何事故、法律责任或相关不良影响。
     19           * 拉普兰德无义务解释、说明本代码的具体原理、功能、实现方法。
     20           * 除非拉普兰德[LPLD]授权，开发者不得将本代码用于商业产品。
     21           */
     22          #include "common.h"

   \                                 In section .text, align 2, keep-with-next
   \   static __interwork __softfp void NVIC_DisableIRQ(IRQn_Type)
   \                     NVIC_DisableIRQ: (+1)
   \   00000000   0x2101             MOVS     R1,#+1
   \   00000002   0xF010 0x021F      ANDS     R2,R0,#0x1F
   \   00000006   0x4091             LSLS     R1,R1,R2
   \   00000008   0x.... 0x....      LDR.W    R2,??DataTable5  ;; 0xe000e180
   \   0000000C   0xB240             SXTB     R0,R0            ;; SignExt  R0,R0,#+24,#+24
   \   0000000E   0x0940             LSRS     R0,R0,#+5
   \   00000010   0xF842 0x1020      STR      R1,[R2, R0, LSL #+2]
   \   00000014   0x4770             BX       LR               ;; return
     23          #include "HW_PDB.h"
     24          
     25          //用户自定义中断服务函数数组

   \                                 In section .bss, align 4
     26          PDB_ISR_CALLBACK PDB_ISR[1];
   \                     PDB_ISR:
   \   00000000                      DS8 4

   \                                 In section .bss, align 4
     27          PDB_ISR_CALLBACK PDB_SE_ISR[1];
   \                     PDB_SE_ISR:
   \   00000000                      DS8 4
     28          
     29          //PDB时钟预分频系数乘数

   \                                 In section .rodata, align 4
     30          const uint8 pdb_sc_mults[4] = {1, 10, 20, 40};
   \                     pdb_sc_mults:
   \   00000000   0x01 0x0A          DC8 1, 10, 20, 40
   \              0x14 0x28    
     31          
     32          
     33          /*
     34           * LPLD_PDB_Init
     35           * PDBx模块通用初始化函数，初始化PDBx计数器周期、工作模式、触发源、中断等配置
     36           * 
     37           * 参数:
     38           *    pdb_init_struct--PDBx初始化结构体，
     39           *                        具体定义见PDB_InitTypeDef
     40           *
     41           * 输出:
     42           *    0--配置错误
     43           *    1--配置成功
     44           */

   \                                 In section .text, align 2, keep-with-next
     45          uint8 LPLD_PDB_Init(PDB_InitTypeDef pdb_init_struct)
     46          {
   \                     LPLD_PDB_Init: (+1)
   \   00000000   0xB40F             PUSH     {R0-R3}
   \   00000002   0xE92D 0x43F8      PUSH     {R3-R9,LR}
     47            uint32 us = pdb_init_struct.PDB_CounterPeriodUs
     48                      + pdb_init_struct.PDB_CounterPeriodMs*1000
     49                      + pdb_init_struct.PDB_CounterPeriodS*1000000;
   \   00000006   0x9808             LDR      R0,[SP, #+32]
   \   00000008   0x9909             LDR      R1,[SP, #+36]
   \   0000000A   0xF44F 0x727A      MOV      R2,#+1000
   \   0000000E   0xFB02 0x0001      MLA      R0,R2,R1,R0
   \   00000012   0x990A             LDR      R1,[SP, #+40]
   \   00000014   0x.... 0x....      LDR.W    R2,??DataTable5_1  ;; 0xf4240
   \   00000018   0xFB02 0x0401      MLA      R4,R2,R1,R0
     50            uint32 delayus = pdb_init_struct.PDB_DelayUs
     51                      + pdb_init_struct.PDB_DelayMs*1000
     52                      + pdb_init_struct.PDB_DelayS*1000000;
   \   0000001C   0x980D             LDR      R0,[SP, #+52]
   \   0000001E   0x990E             LDR      R1,[SP, #+56]
   \   00000020   0xF44F 0x727A      MOV      R2,#+1000
   \   00000024   0xFB02 0x0001      MLA      R0,R2,R1,R0
   \   00000028   0x990F             LDR      R1,[SP, #+60]
   \   0000002A   0x.... 0x....      LDR.W    R2,??DataTable5_1  ;; 0xf4240
   \   0000002E   0xFB02 0x0501      MLA      R5,R2,R1,R0
     53            uint8 loadmode = pdb_init_struct.PDB_LoadModeSel;
   \   00000032   0xF89D 0x102C      LDRB     R1,[SP, #+44]
     54            uint8 trriger = pdb_init_struct.PDB_TriggerInputSourceSel;
   \   00000036   0xF89D 0x202D      LDRB     R2,[SP, #+45]
     55            uint32 bus_clk = g_bus_clock/1000000;
   \   0000003A   0x.... 0x....      LDR.W    R0,??DataTable5_2
   \   0000003E   0x6800             LDR      R0,[R0, #+0]
   \   00000040   0x.... 0x....      LDR.W    R3,??DataTable5_1  ;; 0xf4240
   \   00000044   0xFBB0 0xF3F3      UDIV     R3,R0,R3
     56            uint8 prescaler, mult;
     57            uint32 mod;
     58            float32 temp;
     59            
     60            //参数检查
     61            ASSERT( loadmode <= LOADMODE_3 );       //加载模式选择
     62            ASSERT( trriger <= TRIGGER_SOFTWARE );  //触发输入源选择
     63            
     64          /*
     65           *************************************************
     66            【LPLD注解】PDB关键系数
     67            prescaler(总线时钟预分频系数): 2^n(n:0~7)
     68            mult(prescaler的倍数): 1、10、20、40
     69            mod(计数器模数，影响计数器周期): 0~0xFFFF
     70            计数器周期 = (prescaler*mult*mod)/bus_clk
     71           *************************************************
     72           */
     73            
     74            //根据期望的计数器周期自动设定prescaler、mult和mod的值
     75            for(uint8 i=0; i<4; i++)
   \   00000048   0x2600             MOVS     R6,#+0
   \   0000004A   0xE000             B.N      ??LPLD_PDB_Init_0
   \                     ??LPLD_PDB_Init_1: (+1)
   \   0000004C   0x1C76             ADDS     R6,R6,#+1
   \                     ??LPLD_PDB_Init_0: (+1)
   \   0000004E   0xB2F6             UXTB     R6,R6            ;; ZeroExt  R6,R6,#+24,#+24
   \   00000050   0x2E04             CMP      R6,#+4
   \   00000052   0xDA20             BGE.N    ??LPLD_PDB_Init_2
     76            {
     77              mult = i;
   \   00000054   0x0037             MOVS     R7,R6
     78              for(uint8 j=0; j<8; j++)
   \   00000056   0xF05F 0x0C00      MOVS     R12,#+0
   \   0000005A   0xE001             B.N      ??LPLD_PDB_Init_3
   \                     ??LPLD_PDB_Init_4: (+1)
   \   0000005C   0xF11C 0x0C01      ADDS     R12,R12,#+1
   \                     ??LPLD_PDB_Init_3: (+1)
   \   00000060   0xFA5F 0xFC8C      UXTB     R12,R12          ;; ZeroExt  R12,R12,#+24,#+24
   \   00000064   0xF1BC 0x0F08      CMP      R12,#+8
   \   00000068   0xDA12             BGE.N    ??LPLD_PDB_Init_5
     79              {
     80                prescaler = j;
   \   0000006A   0x46E6             MOV      LR,R12
     81                mod = (bus_clk*us)/((1<<j)*pdb_sc_mults[i]);
   \   0000006C   0xFB04 0xF003      MUL      R0,R4,R3
   \   00000070   0xF05F 0x0801      MOVS     R8,#+1
   \   00000074   0xFA18 0xF80C      LSLS     R8,R8,R12
   \   00000078   0x.... 0x....      LDR.W    R9,??DataTable5_3
   \   0000007C   0xB2F6             UXTB     R6,R6            ;; ZeroExt  R6,R6,#+24,#+24
   \   0000007E   0xF816 0x9009      LDRB     R9,[R6, R9]
   \   00000082   0xFB09 0xF808      MUL      R8,R9,R8
   \   00000086   0xFBB0 0xF0F8      UDIV     R0,R0,R8
     82                if(mod <= 0xFFFFu)
   \   0000008A   0xF5B0 0x3F80      CMP      R0,#+65536
   \   0000008E   0xD2E5             BCS.N    ??LPLD_PDB_Init_4
     83                  break;
     84              }
     85              if(mod <= 0xFFFFu)
   \                     ??LPLD_PDB_Init_5: (+1)
   \   00000090   0xF5B0 0x3F80      CMP      R0,#+65536
   \   00000094   0xD246             BCS.N    ??LPLD_PDB_Init_6
     86                break;
     87              else if(i == 3)
     88                return 0;         //PDB计数周期设置的过小，计算错误
     89            }
     90            
     91            //使能PDB时钟
     92            SIM->SCGC6 |= SIM_SCGC6_PDB_MASK;
   \                     ??LPLD_PDB_Init_2: (+1)
   \   00000096   0x.... 0x....      LDR.W    R3,??DataTable5_4  ;; 0x4004803c
   \   0000009A   0x681B             LDR      R3,[R3, #+0]
   \   0000009C   0xF453 0x0380      ORRS     R3,R3,#0x400000
   \   000000A0   0x.... 0x....      LDR.W    R6,??DataTable5_4  ;; 0x4004803c
   \   000000A4   0x6033             STR      R3,[R6, #+0]
     93            
     94            //初始化SC寄存器
     95            PDB0->SC = 0x00;
   \   000000A6   0x2300             MOVS     R3,#+0
   \   000000A8   0x.... 0x....      LDR.W    R6,??DataTable5_5  ;; 0x40036000
   \   000000AC   0x6033             STR      R3,[R6, #+0]
     96            //使能PDB
     97            PDB0->SC |= PDB_SC_PDBEN_MASK;
   \   000000AE   0x.... 0x....      LDR.W    R3,??DataTable5_5  ;; 0x40036000
   \   000000B2   0x681B             LDR      R3,[R3, #+0]
   \   000000B4   0xF053 0x0380      ORRS     R3,R3,#0x80
   \   000000B8   0x.... 0x....      LDR.W    R6,??DataTable5_5  ;; 0x40036000
   \   000000BC   0x6033             STR      R3,[R6, #+0]
     98            PDB0->SC |= PDB_SC_MULT(mult);
   \   000000BE   0x.... 0x....      LDR.W    R3,??DataTable5_5  ;; 0x40036000
   \   000000C2   0x681B             LDR      R3,[R3, #+0]
   \   000000C4   0xB2FF             UXTB     R7,R7            ;; ZeroExt  R7,R7,#+24,#+24
   \   000000C6   0x00BE             LSLS     R6,R7,#+2
   \   000000C8   0xF016 0x060C      ANDS     R6,R6,#0xC
   \   000000CC   0x4333             ORRS     R3,R6,R3
   \   000000CE   0x.... 0x....      LDR.W    R6,??DataTable5_5  ;; 0x40036000
   \   000000D2   0x6033             STR      R3,[R6, #+0]
     99            PDB0->SC |= PDB_SC_PRESCALER(prescaler);
   \   000000D4   0x....             LDR.N    R3,??DataTable5_5  ;; 0x40036000
   \   000000D6   0x681B             LDR      R3,[R3, #+0]
   \   000000D8   0xFA5F 0xFE8E      UXTB     LR,LR            ;; ZeroExt  LR,LR,#+24,#+24
   \   000000DC   0xEA5F 0x360E      LSLS     R6,LR,#+12
   \   000000E0   0xF416 0x46E0      ANDS     R6,R6,#0x7000
   \   000000E4   0x4333             ORRS     R3,R6,R3
   \   000000E6   0x....             LDR.N    R6,??DataTable5_5  ;; 0x40036000
   \   000000E8   0x6033             STR      R3,[R6, #+0]
    100            //配置MOD、IDLY、CHnDLYm、INTx和POyDLY寄存器的加载模式
    101            PDB0->SC |= PDB_SC_LDMOD(loadmode); 
   \   000000EA   0x....             LDR.N    R3,??DataTable5_5  ;; 0x40036000
   \   000000EC   0x681B             LDR      R3,[R3, #+0]
   \   000000EE   0xB2C9             UXTB     R1,R1            ;; ZeroExt  R1,R1,#+24,#+24
   \   000000F0   0x0489             LSLS     R1,R1,#+18
   \   000000F2   0xF411 0x2140      ANDS     R1,R1,#0xC0000
   \   000000F6   0x4319             ORRS     R1,R1,R3
   \   000000F8   0x....             LDR.N    R3,??DataTable5_5  ;; 0x40036000
   \   000000FA   0x6019             STR      R1,[R3, #+0]
    102            //配置触发输入源
    103            PDB0->SC |= PDB_SC_TRGSEL(trriger);
   \   000000FC   0x....             LDR.N    R1,??DataTable5_5  ;; 0x40036000
   \   000000FE   0x6809             LDR      R1,[R1, #+0]
   \   00000100   0xB2D2             UXTB     R2,R2            ;; ZeroExt  R2,R2,#+24,#+24
   \   00000102   0x0212             LSLS     R2,R2,#+8
   \   00000104   0xF412 0x6270      ANDS     R2,R2,#0xF00
   \   00000108   0x4311             ORRS     R1,R2,R1
   \   0000010A   0x....             LDR.N    R2,??DataTable5_5  ;; 0x40036000
   \   0000010C   0x6011             STR      R1,[R2, #+0]
    104            
    105            //是否使能连续模式
    106            if(pdb_init_struct.PDB_ContinuousModeEnable == TRUE)
   \   0000010E   0xF89D 0x102E      LDRB     R1,[SP, #+46]
   \   00000112   0x2901             CMP      R1,#+1
   \   00000114   0xD10B             BNE.N    ??LPLD_PDB_Init_7
    107              PDB0->SC |= PDB_SC_CONT_MASK;
   \   00000116   0x....             LDR.N    R1,??DataTable5_5  ;; 0x40036000
   \   00000118   0x6809             LDR      R1,[R1, #+0]
   \   0000011A   0xF051 0x0102      ORRS     R1,R1,#0x2
   \   0000011E   0x....             LDR.N    R2,??DataTable5_5  ;; 0x40036000
   \   00000120   0x6011             STR      R1,[R2, #+0]
   \   00000122   0xE00A             B.N      ??LPLD_PDB_Init_8
   \                     ??LPLD_PDB_Init_6: (+1)
   \   00000124   0xB2F6             UXTB     R6,R6            ;; ZeroExt  R6,R6,#+24,#+24
   \   00000126   0x2E03             CMP      R6,#+3
   \   00000128   0xD190             BNE.N    ??LPLD_PDB_Init_1
   \   0000012A   0x2000             MOVS     R0,#+0
   \   0000012C   0xE062             B.N      ??LPLD_PDB_Init_9
    108            else
    109              PDB0->SC &= ~(PDB_SC_CONT_MASK);
   \                     ??LPLD_PDB_Init_7: (+1)
   \   0000012E   0x....             LDR.N    R1,??DataTable5_5  ;; 0x40036000
   \   00000130   0x6809             LDR      R1,[R1, #+0]
   \   00000132   0xF031 0x0102      BICS     R1,R1,#0x2
   \   00000136   0x....             LDR.N    R2,??DataTable5_5  ;; 0x40036000
   \   00000138   0x6011             STR      R1,[R2, #+0]
    110            
    111            //是否使能DMA
    112            if(pdb_init_struct.PDB_DmaEnable == TRUE)
   \                     ??LPLD_PDB_Init_8: (+1)
   \   0000013A   0xF89D 0x102F      LDRB     R1,[SP, #+47]
   \   0000013E   0x2901             CMP      R1,#+1
   \   00000140   0xD106             BNE.N    ??LPLD_PDB_Init_10
    113              PDB0->SC |= PDB_SC_DMAEN_MASK;
   \   00000142   0x....             LDR.N    R1,??DataTable5_5  ;; 0x40036000
   \   00000144   0x6809             LDR      R1,[R1, #+0]
   \   00000146   0xF451 0x4100      ORRS     R1,R1,#0x8000
   \   0000014A   0x....             LDR.N    R2,??DataTable5_5  ;; 0x40036000
   \   0000014C   0x6011             STR      R1,[R2, #+0]
   \   0000014E   0xE005             B.N      ??LPLD_PDB_Init_11
    114            else
    115              PDB0->SC &= ~(PDB_SC_DMAEN_MASK);
   \                     ??LPLD_PDB_Init_10: (+1)
   \   00000150   0x....             LDR.N    R1,??DataTable5_5  ;; 0x40036000
   \   00000152   0x6809             LDR      R1,[R1, #+0]
   \   00000154   0xF431 0x4100      BICS     R1,R1,#0x8000
   \   00000158   0x....             LDR.N    R2,??DataTable5_5  ;; 0x40036000
   \   0000015A   0x6011             STR      R1,[R2, #+0]
    116            
    117            if(pdb_init_struct.PDB_Isr != NULL)
   \                     ??LPLD_PDB_Init_11: (+1)
   \   0000015C   0x9910             LDR      R1,[SP, #+64]
   \   0000015E   0x2900             CMP      R1,#+0
   \   00000160   0xD013             BEQ.N    ??LPLD_PDB_Init_12
    118            {
    119              PDB_ISR[0] = pdb_init_struct.PDB_Isr;
   \   00000162   0x9910             LDR      R1,[SP, #+64]
   \   00000164   0x....             LDR.N    R2,??DataTable5_6
   \   00000166   0x6011             STR      R1,[R2, #+0]
    120              //是否使能PDB中断
    121              if(pdb_init_struct.PDB_IntEnable == TRUE)
   \   00000168   0xF89D 0x1030      LDRB     R1,[SP, #+48]
   \   0000016C   0x2901             CMP      R1,#+1
   \   0000016E   0xD106             BNE.N    ??LPLD_PDB_Init_13
    122                PDB0->SC |= PDB_SC_PDBIE_MASK;
   \   00000170   0x....             LDR.N    R1,??DataTable5_5  ;; 0x40036000
   \   00000172   0x6809             LDR      R1,[R1, #+0]
   \   00000174   0xF051 0x0120      ORRS     R1,R1,#0x20
   \   00000178   0x....             LDR.N    R2,??DataTable5_5  ;; 0x40036000
   \   0000017A   0x6011             STR      R1,[R2, #+0]
   \   0000017C   0xE005             B.N      ??LPLD_PDB_Init_12
    123              else
    124                PDB0->SC &= ~(PDB_SC_PDBIE_MASK);
   \                     ??LPLD_PDB_Init_13: (+1)
   \   0000017E   0x....             LDR.N    R1,??DataTable5_5  ;; 0x40036000
   \   00000180   0x6809             LDR      R1,[R1, #+0]
   \   00000182   0xF031 0x0120      BICS     R1,R1,#0x20
   \   00000186   0x....             LDR.N    R2,??DataTable5_5  ;; 0x40036000
   \   00000188   0x6011             STR      R1,[R2, #+0]
    125            }
    126            
    127            if(pdb_init_struct.PDB_SeqErrIsr != NULL)
   \                     ??LPLD_PDB_Init_12: (+1)
   \   0000018A   0x9911             LDR      R1,[SP, #+68]
   \   0000018C   0x2900             CMP      R1,#+0
   \   0000018E   0xD013             BEQ.N    ??LPLD_PDB_Init_14
    128            {
    129              PDB_SE_ISR[0] = pdb_init_struct.PDB_SeqErrIsr;
   \   00000190   0x9911             LDR      R1,[SP, #+68]
   \   00000192   0x....             LDR.N    R2,??DataTable5_7
   \   00000194   0x6011             STR      R1,[R2, #+0]
    130              //是否使能PDB序列错误中断
    131              if(pdb_init_struct.PDB_SeqErrIntEnable == TRUE)
   \   00000196   0xF89D 0x1031      LDRB     R1,[SP, #+49]
   \   0000019A   0x2901             CMP      R1,#+1
   \   0000019C   0xD106             BNE.N    ??LPLD_PDB_Init_15
    132                PDB0->SC |= PDB_SC_PDBEIE_MASK;
   \   0000019E   0x....             LDR.N    R1,??DataTable5_5  ;; 0x40036000
   \   000001A0   0x6809             LDR      R1,[R1, #+0]
   \   000001A2   0xF451 0x3100      ORRS     R1,R1,#0x20000
   \   000001A6   0x....             LDR.N    R2,??DataTable5_5  ;; 0x40036000
   \   000001A8   0x6011             STR      R1,[R2, #+0]
   \   000001AA   0xE005             B.N      ??LPLD_PDB_Init_14
    133              else
    134                PDB0->SC &= ~(PDB_SC_PDBEIE_MASK);
   \                     ??LPLD_PDB_Init_15: (+1)
   \   000001AC   0x....             LDR.N    R1,??DataTable5_5  ;; 0x40036000
   \   000001AE   0x6809             LDR      R1,[R1, #+0]
   \   000001B0   0xF431 0x3100      BICS     R1,R1,#0x20000
   \   000001B4   0x....             LDR.N    R2,??DataTable5_5  ;; 0x40036000
   \   000001B6   0x6011             STR      R1,[R2, #+0]
    135            }
    136            
    137            //设置PDB中断延时时间
    138            if( delayus <= us )
   \                     ??LPLD_PDB_Init_14: (+1)
   \   000001B8   0x42AC             CMP      R4,R5
   \   000001BA   0xD314             BCC.N    ??LPLD_PDB_Init_16
    139            {
    140              temp = (float32)mod/(float32)us;
   \   000001BC   0x.... 0x....      BL       __aeabi_ui2f
   \   000001C0   0x0006             MOVS     R6,R0
   \   000001C2   0x0020             MOVS     R0,R4
   \   000001C4   0x.... 0x....      BL       __aeabi_ui2f
   \   000001C8   0x0001             MOVS     R1,R0
   \   000001CA   0x0030             MOVS     R0,R6
   \   000001CC   0x.... 0x....      BL       __aeabi_fdiv
   \   000001D0   0x0004             MOVS     R4,R0
    141              PDB0->IDLY = (uint32)(delayus*temp);
   \   000001D2   0x0028             MOVS     R0,R5
   \   000001D4   0x.... 0x....      BL       __aeabi_ui2f
   \   000001D8   0x0021             MOVS     R1,R4
   \   000001DA   0x.... 0x....      BL       __aeabi_fmul
   \   000001DE   0x.... 0x....      BL       __aeabi_f2uiz
   \   000001E2   0x....             LDR.N    R1,??DataTable5_8  ;; 0x4003600c
   \   000001E4   0x6008             STR      R0,[R1, #+0]
    142            }
    143            
    144            //加载值
    145            PDB0->SC |= PDB_SC_LDOK_MASK;
   \                     ??LPLD_PDB_Init_16: (+1)
   \   000001E6   0x....             LDR.N    R0,??DataTable5_5  ;; 0x40036000
   \   000001E8   0x6800             LDR      R0,[R0, #+0]
   \   000001EA   0xF050 0x0001      ORRS     R0,R0,#0x1
   \   000001EE   0x....             LDR.N    R1,??DataTable5_5  ;; 0x40036000
   \   000001F0   0x6008             STR      R0,[R1, #+0]
    146            
    147            return 1;
   \   000001F2   0x2001             MOVS     R0,#+1
   \                     ??LPLD_PDB_Init_9: (+1)
   \   000001F4   0xE8BD 0x03F2      POP      {R1,R4-R9}
   \   000001F8   0xF85D 0xFB14      LDR      PC,[SP], #+20    ;; return
    148          }
    149          
    150          /*
    151           * LPLD_PDB_Deinit
    152           * PDBx模块反初始化函数，禁用PDBx所有功能
    153           * 
    154           * 参数:
    155           *    无
    156           *
    157           * 输出:
    158           *    无
    159           */

   \                                 In section .text, align 2, keep-with-next
    160          void LPLD_PDB_Deinit(void)
    161          {
   \                     LPLD_PDB_Deinit: (+1)
   \   00000000   0xB580             PUSH     {R7,LR}
    162           
    163            PDB0->CH[0].C1 = 0;
   \   00000002   0x2000             MOVS     R0,#+0
   \   00000004   0x....             LDR.N    R1,??DataTable5_9  ;; 0x40036010
   \   00000006   0x6008             STR      R0,[R1, #+0]
    164            PDB0->CH[1].C1 = 0;
   \   00000008   0x2000             MOVS     R0,#+0
   \   0000000A   0x....             LDR.N    R1,??DataTable5_10  ;; 0x40036038
   \   0000000C   0x6008             STR      R0,[R1, #+0]
    165            
    166            PDB0->DAC[0].INTC = 0;
   \   0000000E   0x2000             MOVS     R0,#+0
   \   00000010   0x....             LDR.N    R1,??DataTable5_11  ;; 0x40036150
   \   00000012   0x6008             STR      R0,[R1, #+0]
    167            PDB0->DAC[1].INTC = 0;
   \   00000014   0x2000             MOVS     R0,#+0
   \   00000016   0x....             LDR.N    R1,??DataTable5_12  ;; 0x40036158
   \   00000018   0x6008             STR      R0,[R1, #+0]
    168            
    169            PDB0->SC = 0;
   \   0000001A   0x2000             MOVS     R0,#+0
   \   0000001C   0x....             LDR.N    R1,??DataTable5_5  ;; 0x40036000
   \   0000001E   0x6008             STR      R0,[R1, #+0]
    170            
    171            //禁用PDB时钟
    172            SIM->SCGC6 &= ~(SIM_SCGC6_PDB_MASK);
   \   00000020   0x....             LDR.N    R0,??DataTable5_4  ;; 0x4004803c
   \   00000022   0x6800             LDR      R0,[R0, #+0]
   \   00000024   0xF430 0x0080      BICS     R0,R0,#0x400000
   \   00000028   0x....             LDR.N    R1,??DataTable5_4  ;; 0x4004803c
   \   0000002A   0x6008             STR      R0,[R1, #+0]
    173            
    174            disable_irq(PDB0_IRQn);
   \   0000002C   0x2048             MOVS     R0,#+72
   \   0000002E   0x.... 0x....      BL       NVIC_DisableIRQ
    175          }
   \   00000032   0xBD01             POP      {R0,PC}          ;; return
    176          
    177          
    178          /*
    179           * LPLD_PDB_AdcTriggerCfg
    180           * PDBx触发ADCx模块配置函数
    181           * 
    182           * 参数:
    183           *    adcx--ADCx模块号
    184           *      |__ADC0          --ADC0
    185           *      |__ADC1          --ADC1
    186           *    cfg--ADCx预触发功能配置，可多个值合并配置(eg. cfg=PRETRIG_EN_A|PRETRIG_DLY_A;)
    187           *      ADCx A组配置
    188           *      |__PRETRIG_EN_A  --使能ADCx的A组预触发功能
    189           *      |__PRETRIG_DLY_A --使能ADCx的A组延时输出预触发功能
    190           *      |__PRETRIG_BB_A  --使能ADCx的A组“Back to Back”模式
    191           *      ADCx B组配置
    192           *      |__PRETRIG_EN_B  --使能ADCx的B组预触发功能
    193           *      |__PRETRIG_DLY_B --使能ADCx的B组延时输出预触发功能
    194           *      |__PRETRIG_BB_B  --使能ADCx的B组“Back to Back”模式
    195           *    delay--ADCx A或B组的延时输出预触发时间，单位us
    196           *      |__0~0xFFFF      --0~4095us
    197           *
    198           * 输出:
    199           *    0--配置错误
    200           *    1--配置成功
    201           */

   \                                 In section .text, align 2, keep-with-next
    202          uint8 LPLD_PDB_AdcTriggerCfg(ADC_Type *adcx, uint32 cfg, uint16 delay)
    203          {
   \                     LPLD_PDB_AdcTriggerCfg: (+1)
   \   00000000   0xB4F0             PUSH     {R4-R7}
    204            uint8 n,m;
    205            uint8 prescaler, mult;
    206            uint32 bus_clk = g_bus_clock/1000000;
   \   00000002   0x....             LDR.N    R3,??DataTable5_2
   \   00000004   0x681B             LDR      R3,[R3, #+0]
   \   00000006   0x....             LDR.N    R4,??DataTable5_1  ;; 0xf4240
   \   00000008   0xFBB3 0xF3F4      UDIV     R3,R3,R4
    207          
    208            if(adcx == ADC0)
   \   0000000C   0x....             LDR.N    R4,??DataTable5_13  ;; 0x4003b000
   \   0000000E   0x42A0             CMP      R0,R4
   \   00000010   0xD13A             BNE.N    ??LPLD_PDB_AdcTriggerCfg_0
    209              n = 0;
   \   00000012   0x2000             MOVS     R0,#+0
    210            else if(adcx == ADC1)
    211              n = 1;
    212          #if defined(CPU_MK60F12) || defined(CPU_MK60F15)
    213            else if(adcx == ADC2)
    214              n = 2;
    215            else if(adcx == ADC3)
    216              n = 3;  
    217          #endif 
    218            else
    219              return 0;
    220              
    221            if(cfg & 0x01)
   \                     ??LPLD_PDB_AdcTriggerCfg_1: (+1)
   \   00000014   0x07CC             LSLS     R4,R1,#+31
   \   00000016   0xD548             BPL.N    ??LPLD_PDB_AdcTriggerCfg_2
    222              m = 0;
   \   00000018   0x2400             MOVS     R4,#+0
    223            else if(cfg & 0x02)
    224              m = 1;
    225            else
    226              return 0;
    227            
    228            prescaler = 1<<((PDB0->SC & PDB_SC_PRESCALER_MASK) >> PDB_SC_PRESCALER_SHIFT);
   \                     ??LPLD_PDB_AdcTriggerCfg_3: (+1)
   \   0000001A   0x2501             MOVS     R5,#+1
   \   0000001C   0x....             LDR.N    R6,??DataTable5_5  ;; 0x40036000
   \   0000001E   0x6836             LDR      R6,[R6, #+0]
   \   00000020   0x0B36             LSRS     R6,R6,#+12
   \   00000022   0xF016 0x0607      ANDS     R6,R6,#0x7
   \   00000026   0x40B5             LSLS     R5,R5,R6
    229            mult = pdb_sc_mults[(PDB0->SC & PDB_SC_MULT_MASK) >> PDB_SC_MULT_SHIFT];
   \   00000028   0x....             LDR.N    R6,??DataTable5_3
   \   0000002A   0x....             LDR.N    R7,??DataTable5_5  ;; 0x40036000
   \   0000002C   0x683F             LDR      R7,[R7, #+0]
   \   0000002E   0xF3C7 0x0781      UBFX     R7,R7,#+2,#+2
   \   00000032   0x5DBE             LDRB     R6,[R7, R6]
    230            
    231            PDB0->CH[n].C1 |= cfg;        //根据参数配置BB模式、选择预触发输出、使能预触发
   \   00000034   0x....             LDR.N    R7,??DataTable5_9  ;; 0x40036010
   \   00000036   0xB2C0             UXTB     R0,R0            ;; ZeroExt  R0,R0,#+24,#+24
   \   00000038   0xF05F 0x0C28      MOVS     R12,#+40
   \   0000003C   0xFB0C 0x7700      MLA      R7,R12,R0,R7
   \   00000040   0x683F             LDR      R7,[R7, #+0]
   \   00000042   0x4339             ORRS     R1,R1,R7
   \   00000044   0x....             LDR.N    R7,??DataTable5_9  ;; 0x40036010
   \   00000046   0xB2C0             UXTB     R0,R0            ;; ZeroExt  R0,R0,#+24,#+24
   \   00000048   0xF05F 0x0C28      MOVS     R12,#+40
   \   0000004C   0xFB0C 0x7700      MLA      R7,R12,R0,R7
   \   00000050   0x6039             STR      R1,[R7, #+0]
    232            PDB0->CH[n].DLY[m] = (bus_clk * delay)/(prescaler * mult);    //配置ADCn的m组预触发延时值
   \   00000052   0x....             LDR.N    R1,??DataTable5_9  ;; 0x40036010
   \   00000054   0xB2C0             UXTB     R0,R0            ;; ZeroExt  R0,R0,#+24,#+24
   \   00000056   0x2728             MOVS     R7,#+40
   \   00000058   0xFB07 0x1000      MLA      R0,R7,R0,R1
   \   0000005C   0xB2E4             UXTB     R4,R4            ;; ZeroExt  R4,R4,#+24,#+24
   \   0000005E   0xEB10 0x0084      ADDS     R0,R0,R4, LSL #+2
   \   00000062   0xB292             UXTH     R2,R2            ;; ZeroExt  R2,R2,#+16,#+16
   \   00000064   0xFB02 0xF103      MUL      R1,R2,R3
   \   00000068   0xB2ED             UXTB     R5,R5            ;; ZeroExt  R5,R5,#+24,#+24
   \   0000006A   0xB2F6             UXTB     R6,R6            ;; ZeroExt  R6,R6,#+24,#+24
   \   0000006C   0xFB06 0xF205      MUL      R2,R6,R5
   \   00000070   0xFBB1 0xF1F2      UDIV     R1,R1,R2
   \   00000074   0x6081             STR      R1,[R0, #+8]
    233            
    234            PDB0->SC |= PDB_SC_LDOK_MASK; //加载值
   \   00000076   0x....             LDR.N    R0,??DataTable5_5  ;; 0x40036000
   \   00000078   0x6800             LDR      R0,[R0, #+0]
   \   0000007A   0xF050 0x0001      ORRS     R0,R0,#0x1
   \   0000007E   0x....             LDR.N    R1,??DataTable5_5  ;; 0x40036000
   \   00000080   0x6008             STR      R0,[R1, #+0]
    235            
    236            return 1;
   \   00000082   0x2001             MOVS     R0,#+1
   \                     ??LPLD_PDB_AdcTriggerCfg_4: (+1)
   \   00000084   0xBCF0             POP      {R4-R7}
   \   00000086   0x4770             BX       LR               ;; return
   \                     ??LPLD_PDB_AdcTriggerCfg_0: (+1)
   \   00000088   0x....             LDR.N    R4,??DataTable5_14  ;; 0x400bb000
   \   0000008A   0x42A0             CMP      R0,R4
   \   0000008C   0xD101             BNE.N    ??LPLD_PDB_AdcTriggerCfg_5
   \   0000008E   0x2001             MOVS     R0,#+1
   \   00000090   0xE7C0             B.N      ??LPLD_PDB_AdcTriggerCfg_1
   \                     ??LPLD_PDB_AdcTriggerCfg_5: (+1)
   \   00000092   0x....             LDR.N    R4,??DataTable5_15  ;; 0x4003c000
   \   00000094   0x42A0             CMP      R0,R4
   \   00000096   0xD101             BNE.N    ??LPLD_PDB_AdcTriggerCfg_6
   \   00000098   0x2002             MOVS     R0,#+2
   \   0000009A   0xE7BB             B.N      ??LPLD_PDB_AdcTriggerCfg_1
   \                     ??LPLD_PDB_AdcTriggerCfg_6: (+1)
   \   0000009C   0x....             LDR.N    R4,??DataTable5_16  ;; 0x400bc000
   \   0000009E   0x42A0             CMP      R0,R4
   \   000000A0   0xD101             BNE.N    ??LPLD_PDB_AdcTriggerCfg_7
   \   000000A2   0x2003             MOVS     R0,#+3
   \   000000A4   0xE7B6             B.N      ??LPLD_PDB_AdcTriggerCfg_1
   \                     ??LPLD_PDB_AdcTriggerCfg_7: (+1)
   \   000000A6   0x2000             MOVS     R0,#+0
   \   000000A8   0xE7EC             B.N      ??LPLD_PDB_AdcTriggerCfg_4
   \                     ??LPLD_PDB_AdcTriggerCfg_2: (+1)
   \   000000AA   0x078C             LSLS     R4,R1,#+30
   \   000000AC   0xD501             BPL.N    ??LPLD_PDB_AdcTriggerCfg_8
   \   000000AE   0x2401             MOVS     R4,#+1
   \   000000B0   0xE7B3             B.N      ??LPLD_PDB_AdcTriggerCfg_3
   \                     ??LPLD_PDB_AdcTriggerCfg_8: (+1)
   \   000000B2   0x2000             MOVS     R0,#+0
   \   000000B4   0xE7E6             B.N      ??LPLD_PDB_AdcTriggerCfg_4
    237          }
    238          
    239          /*
    240           * LPLD_PDB_DacTriggerCfg
    241           * PDBx触发DACx模块配置函数
    242           * 
    243           * 参数:
    244           *    dacx--DACx模块号
    245           *      |__DAC0          --DAC0
    246           *      |__DAC1          --DAC1
    247           *    cfg--DACx触发功能配置
    248           *      |__EXT_TRIG_EN   --使能外部触发
    249           *      |__EINT_TRIG_EN  --使能内部间隔触发
    250           *    int_delay--DACx间隔触发时间，单位us
    251           *      |__0~0xFFFF      --0~4095us
    252           *
    253           * 输出:
    254           *    0--配置错误
    255           *    1--配置成功
    256           */

   \                                 In section .text, align 2, keep-with-next
    257          uint8 LPLD_PDB_DacTriggerCfg(DAC_Type *dacx, uint32 cfg, uint16 int_delay)
    258          {
   \                     LPLD_PDB_DacTriggerCfg: (+1)
   \   00000000   0xB470             PUSH     {R4-R6}
    259            uint8 n;
    260            uint8 prescaler, mult;
    261            uint32 bus_clk = g_bus_clock/1000000;
   \   00000002   0x....             LDR.N    R3,??DataTable5_2
   \   00000004   0x681B             LDR      R3,[R3, #+0]
   \   00000006   0x....             LDR.N    R4,??DataTable5_1  ;; 0xf4240
   \   00000008   0xFBB3 0xF3F4      UDIV     R3,R3,R4
    262            
    263            if(dacx == DAC0)
   \   0000000C   0x....             LDR.N    R4,??DataTable5_17  ;; 0x400cc000
   \   0000000E   0x42A0             CMP      R0,R4
   \   00000010   0xD12D             BNE.N    ??LPLD_PDB_DacTriggerCfg_0
    264              n = 0;
   \   00000012   0x2000             MOVS     R0,#+0
    265            else if(dacx == DAC1)
    266              n = 1;
    267            else
    268              return 0;
    269            
    270            prescaler = 1<<((PDB0->SC & PDB_SC_PRESCALER_MASK) >> PDB_SC_PRESCALER_SHIFT);
   \                     ??LPLD_PDB_DacTriggerCfg_1: (+1)
   \   00000014   0x2401             MOVS     R4,#+1
   \   00000016   0x....             LDR.N    R5,??DataTable5_5  ;; 0x40036000
   \   00000018   0x682D             LDR      R5,[R5, #+0]
   \   0000001A   0x0B2D             LSRS     R5,R5,#+12
   \   0000001C   0xF015 0x0507      ANDS     R5,R5,#0x7
   \   00000020   0x40AC             LSLS     R4,R4,R5
    271            mult = pdb_sc_mults[(PDB0->SC & PDB_SC_MULT_MASK) >> PDB_SC_MULT_SHIFT];
   \   00000022   0x....             LDR.N    R5,??DataTable5_3
   \   00000024   0x....             LDR.N    R6,??DataTable5_5  ;; 0x40036000
   \   00000026   0x6836             LDR      R6,[R6, #+0]
   \   00000028   0xF3C6 0x0681      UBFX     R6,R6,#+2,#+2
   \   0000002C   0x5D75             LDRB     R5,[R6, R5]
    272            
    273            PDB0->DAC[n].INTC |= cfg;     //配置使能外部触发或者内部间隔触发
   \   0000002E   0x....             LDR.N    R6,??DataTable5_11  ;; 0x40036150
   \   00000030   0xB2C0             UXTB     R0,R0            ;; ZeroExt  R0,R0,#+24,#+24
   \   00000032   0xF856 0x6030      LDR      R6,[R6, R0, LSL #+3]
   \   00000036   0x4331             ORRS     R1,R1,R6
   \   00000038   0x....             LDR.N    R6,??DataTable5_11  ;; 0x40036150
   \   0000003A   0xB2C0             UXTB     R0,R0            ;; ZeroExt  R0,R0,#+24,#+24
   \   0000003C   0xF846 0x1030      STR      R1,[R6, R0, LSL #+3]
    274            PDB0->DAC[n].INT = (bus_clk * int_delay)/(prescaler * mult);    //配置DACn的间隔触发时间
   \   00000040   0xB292             UXTH     R2,R2            ;; ZeroExt  R2,R2,#+16,#+16
   \   00000042   0xFB02 0xF103      MUL      R1,R2,R3
   \   00000046   0xB2E4             UXTB     R4,R4            ;; ZeroExt  R4,R4,#+24,#+24
   \   00000048   0xB2ED             UXTB     R5,R5            ;; ZeroExt  R5,R5,#+24,#+24
   \   0000004A   0xFB05 0xF204      MUL      R2,R5,R4
   \   0000004E   0xFBB1 0xF1F2      UDIV     R1,R1,R2
   \   00000052   0x....             LDR.N    R2,??DataTable5_11  ;; 0x40036150
   \   00000054   0xB2C0             UXTB     R0,R0            ;; ZeroExt  R0,R0,#+24,#+24
   \   00000056   0xEB12 0x00C0      ADDS     R0,R2,R0, LSL #+3
   \   0000005A   0x6041             STR      R1,[R0, #+4]
    275            
    276            PDB0->SC |= PDB_SC_LDOK_MASK; //加载值
   \   0000005C   0x....             LDR.N    R0,??DataTable5_5  ;; 0x40036000
   \   0000005E   0x6800             LDR      R0,[R0, #+0]
   \   00000060   0xF050 0x0001      ORRS     R0,R0,#0x1
   \   00000064   0x....             LDR.N    R1,??DataTable5_5  ;; 0x40036000
   \   00000066   0x6008             STR      R0,[R1, #+0]
    277            
    278            return 1;
   \   00000068   0x2001             MOVS     R0,#+1
   \                     ??LPLD_PDB_DacTriggerCfg_2: (+1)
   \   0000006A   0xBC70             POP      {R4-R6}
   \   0000006C   0x4770             BX       LR               ;; return
   \                     ??LPLD_PDB_DacTriggerCfg_0: (+1)
   \   0000006E   0x....             LDR.N    R4,??DataTable5_18  ;; 0x400cd000
   \   00000070   0x42A0             CMP      R0,R4
   \   00000072   0xD101             BNE.N    ??LPLD_PDB_DacTriggerCfg_3
   \   00000074   0x2001             MOVS     R0,#+1
   \   00000076   0xE7CD             B.N      ??LPLD_PDB_DacTriggerCfg_1
   \                     ??LPLD_PDB_DacTriggerCfg_3: (+1)
   \   00000078   0x2000             MOVS     R0,#+0
   \   0000007A   0xE7F6             B.N      ??LPLD_PDB_DacTriggerCfg_2
    279          }
    280          
    281          /*
    282           * PDB中断处理函数
    283           * 与启动文件startup_K60.s中的中断向量表关联
    284           * 用户无需修改，程序自动进入对应通道中断函数
    285           */

   \                                 In section .text, align 2, keep-with-next
    286          void PDB_IRQHandler(void)
    287          {
   \                     PDB_IRQHandler: (+1)
   \   00000000   0xB580             PUSH     {R7,LR}
    288          #if (UCOS_II > 0u)
    289            OS_CPU_SR  cpu_sr = 0u;
    290            OS_ENTER_CRITICAL(); //告知系统此时已经进入了中断服务子函数
    291            OSIntEnter();
    292            OS_EXIT_CRITICAL();
    293          #endif
    294            
    295            //是否为PDB中断
    296            if((PDB0->SC & PDB_SC_PDBIF_MASK) && (PDB0->SC & PDB_SC_PDBIE_MASK))
   \   00000002   0x....             LDR.N    R0,??DataTable5_5  ;; 0x40036000
   \   00000004   0x6800             LDR      R0,[R0, #+0]
   \   00000006   0x0640             LSLS     R0,R0,#+25
   \   00000008   0xD50C             BPL.N    ??PDB_IRQHandler_0
   \   0000000A   0x....             LDR.N    R0,??DataTable5_5  ;; 0x40036000
   \   0000000C   0x6800             LDR      R0,[R0, #+0]
   \   0000000E   0x0680             LSLS     R0,R0,#+26
   \   00000010   0xD508             BPL.N    ??PDB_IRQHandler_0
    297            {
    298              //调用用户自定义中断服务
    299              PDB_ISR[0]();  
   \   00000012   0x....             LDR.N    R0,??DataTable5_6
   \   00000014   0x6800             LDR      R0,[R0, #+0]
   \   00000016   0x4780             BLX      R0
    300              //清除中断标志位  
    301              PDB0->SC &= ~PDB_SC_PDBIF_MASK;
   \   00000018   0x....             LDR.N    R0,??DataTable5_5  ;; 0x40036000
   \   0000001A   0x6800             LDR      R0,[R0, #+0]
   \   0000001C   0xF030 0x0040      BICS     R0,R0,#0x40
   \   00000020   0x....             LDR.N    R1,??DataTable5_5  ;; 0x40036000
   \   00000022   0x6008             STR      R0,[R1, #+0]
    302            }
    303            
    304            //是否为PDB序列错误中断 CH0
    305            if((PDB0->CH[0].S & PDB_S_ERR(1)) && (PDB0->SC & PDB_SC_PDBEIE_MASK))
   \                     ??PDB_IRQHandler_0: (+1)
   \   00000024   0x....             LDR.N    R0,??DataTable5_19  ;; 0x40036014
   \   00000026   0x6800             LDR      R0,[R0, #+0]
   \   00000028   0x07C0             LSLS     R0,R0,#+31
   \   0000002A   0xD50C             BPL.N    ??PDB_IRQHandler_1
   \   0000002C   0x....             LDR.N    R0,??DataTable5_5  ;; 0x40036000
   \   0000002E   0x6800             LDR      R0,[R0, #+0]
   \   00000030   0x0380             LSLS     R0,R0,#+14
   \   00000032   0xD508             BPL.N    ??PDB_IRQHandler_1
    306            {
    307              //调用用户自定义中断服务
    308              PDB_SE_ISR[0]();  
   \   00000034   0x....             LDR.N    R0,??DataTable5_7
   \   00000036   0x6800             LDR      R0,[R0, #+0]
   \   00000038   0x4780             BLX      R0
    309              PDB0->CH[0].S |= PDB_S_ERR(1);
   \   0000003A   0x....             LDR.N    R0,??DataTable5_19  ;; 0x40036014
   \   0000003C   0x6800             LDR      R0,[R0, #+0]
   \   0000003E   0xF050 0x0001      ORRS     R0,R0,#0x1
   \   00000042   0x....             LDR.N    R1,??DataTable5_19  ;; 0x40036014
   \   00000044   0x6008             STR      R0,[R1, #+0]
    310            }
    311            
    312            //是否为PDB序列错误中断 CH1
    313            if((PDB0->CH[1].S & PDB_S_ERR(2)) && (PDB0->SC & PDB_SC_PDBEIE_MASK))
   \                     ??PDB_IRQHandler_1: (+1)
   \   00000046   0x....             LDR.N    R0,??DataTable5_20  ;; 0x4003603c
   \   00000048   0x6800             LDR      R0,[R0, #+0]
   \   0000004A   0x0780             LSLS     R0,R0,#+30
   \   0000004C   0xD50C             BPL.N    ??PDB_IRQHandler_2
   \   0000004E   0x....             LDR.N    R0,??DataTable5_5  ;; 0x40036000
   \   00000050   0x6800             LDR      R0,[R0, #+0]
   \   00000052   0x0380             LSLS     R0,R0,#+14
   \   00000054   0xD508             BPL.N    ??PDB_IRQHandler_2
    314            {
    315              //调用用户自定义中断服务
    316              PDB_SE_ISR[0]();  
   \   00000056   0x....             LDR.N    R0,??DataTable5_7
   \   00000058   0x6800             LDR      R0,[R0, #+0]
   \   0000005A   0x4780             BLX      R0
    317              PDB0->CH[1].S |= PDB_S_ERR(2);
   \   0000005C   0x....             LDR.N    R0,??DataTable5_20  ;; 0x4003603c
   \   0000005E   0x6800             LDR      R0,[R0, #+0]
   \   00000060   0xF050 0x0002      ORRS     R0,R0,#0x2
   \   00000064   0x....             LDR.N    R1,??DataTable5_20  ;; 0x4003603c
   \   00000066   0x6008             STR      R0,[R1, #+0]
    318            }
    319            
    320          #if (UCOS_II > 0u)
    321            OSIntExit();          //告知系统此时即将离开中断服务子函数
    322          #endif
    323          }
   \                     ??PDB_IRQHandler_2: (+1)
   \   00000068   0xBD01             POP      {R0,PC}          ;; return

   \                                 In section .text, align 4, keep-with-next
   \                     ??DataTable5:
   \   00000000   0xE000E180         DC32     0xe000e180

   \                                 In section .text, align 4, keep-with-next
   \                     ??DataTable5_1:
   \   00000000   0x000F4240         DC32     0xf4240

   \                                 In section .text, align 4, keep-with-next
   \                     ??DataTable5_2:
   \   00000000   0x........         DC32     g_bus_clock

   \                                 In section .text, align 4, keep-with-next
   \                     ??DataTable5_3:
   \   00000000   0x........         DC32     pdb_sc_mults

   \                                 In section .text, align 4, keep-with-next
   \                     ??DataTable5_4:
   \   00000000   0x4004803C         DC32     0x4004803c

   \                                 In section .text, align 4, keep-with-next
   \                     ??DataTable5_5:
   \   00000000   0x40036000         DC32     0x40036000

   \                                 In section .text, align 4, keep-with-next
   \                     ??DataTable5_6:
   \   00000000   0x........         DC32     PDB_ISR

   \                                 In section .text, align 4, keep-with-next
   \                     ??DataTable5_7:
   \   00000000   0x........         DC32     PDB_SE_ISR

   \                                 In section .text, align 4, keep-with-next
   \                     ??DataTable5_8:
   \   00000000   0x4003600C         DC32     0x4003600c

   \                                 In section .text, align 4, keep-with-next
   \                     ??DataTable5_9:
   \   00000000   0x40036010         DC32     0x40036010

   \                                 In section .text, align 4, keep-with-next
   \                     ??DataTable5_10:
   \   00000000   0x40036038         DC32     0x40036038

   \                                 In section .text, align 4, keep-with-next
   \                     ??DataTable5_11:
   \   00000000   0x40036150         DC32     0x40036150

   \                                 In section .text, align 4, keep-with-next
   \                     ??DataTable5_12:
   \   00000000   0x40036158         DC32     0x40036158

   \                                 In section .text, align 4, keep-with-next
   \                     ??DataTable5_13:
   \   00000000   0x4003B000         DC32     0x4003b000

   \                                 In section .text, align 4, keep-with-next
   \                     ??DataTable5_14:
   \   00000000   0x400BB000         DC32     0x400bb000

   \                                 In section .text, align 4, keep-with-next
   \                     ??DataTable5_15:
   \   00000000   0x4003C000         DC32     0x4003c000

   \                                 In section .text, align 4, keep-with-next
   \                     ??DataTable5_16:
   \   00000000   0x400BC000         DC32     0x400bc000

   \                                 In section .text, align 4, keep-with-next
   \                     ??DataTable5_17:
   \   00000000   0x400CC000         DC32     0x400cc000

   \                                 In section .text, align 4, keep-with-next
   \                     ??DataTable5_18:
   \   00000000   0x400CD000         DC32     0x400cd000

   \                                 In section .text, align 4, keep-with-next
   \                     ??DataTable5_19:
   \   00000000   0x40036014         DC32     0x40036014

   \                                 In section .text, align 4, keep-with-next
   \                     ??DataTable5_20:
   \   00000000   0x4003603C         DC32     0x4003603c

   Maximum stack usage in bytes:

   .cstack Function
   ------- --------
      16   LPLD_PDB_AdcTriggerCfg
      12   LPLD_PDB_DacTriggerCfg
       8   LPLD_PDB_Deinit
         8   -> NVIC_DisableIRQ
      48   LPLD_PDB_Init
        48   -> __aeabi_f2uiz
        48   -> __aeabi_fdiv
        48   -> __aeabi_fmul
        48   -> __aeabi_ui2f
       0   NVIC_DisableIRQ
       8   PDB_IRQHandler
         8   -- Indirect call


   Section sizes:

   Bytes  Function/Label
   -----  --------------
       4  ??DataTable5
       4  ??DataTable5_1
       4  ??DataTable5_10
       4  ??DataTable5_11
       4  ??DataTable5_12
       4  ??DataTable5_13
       4  ??DataTable5_14
       4  ??DataTable5_15
       4  ??DataTable5_16
       4  ??DataTable5_17
       4  ??DataTable5_18
       4  ??DataTable5_19
       4  ??DataTable5_2
       4  ??DataTable5_20
       4  ??DataTable5_3
       4  ??DataTable5_4
       4  ??DataTable5_5
       4  ??DataTable5_6
       4  ??DataTable5_7
       4  ??DataTable5_8
       4  ??DataTable5_9
     182  LPLD_PDB_AdcTriggerCfg
     124  LPLD_PDB_DacTriggerCfg
      52  LPLD_PDB_Deinit
     508  LPLD_PDB_Init
      22  NVIC_DisableIRQ
     106  PDB_IRQHandler
       4  PDB_ISR
       4  PDB_SE_ISR
       4  pdb_sc_mults

 
     8 bytes in section .bss
     4 bytes in section .rodata
 1 078 bytes in section .text
 
 1 078 bytes of CODE  memory
     4 bytes of CONST memory
     8 bytes of DATA  memory

Errors: none
Warnings: none
