###############################################################################
#
# IAR ANSI C/C++ Compiler V7.20.2.7424/W32 for ARM        27/Jul/2015  23:36:04
# Copyright 1999-2014 IAR Systems AB.
#
#    Cpu mode     =  thumb
#    Endian       =  little
#    Source file  =  
#        C:\Users\Administrator\Desktop\lpld\LPLD_OSKinetis_V3.1\project\ligen_car通用7-27-3.54\app\PID.c
#    Command line =  
#        C:\Users\Administrator\Desktop\lpld\LPLD_OSKinetis_V3.1\project\ligen_car通用7-27-3.54\app\PID.c
#        -D LPLD_K60 -D USE_K60F12 -lCN
#        C:\Users\Administrator\Desktop\lpld\LPLD_OSKinetis_V3.1\project\ligen_car通用7-27-3.54\iar\FLASH\List\
#        -lB
#        C:\Users\Administrator\Desktop\lpld\LPLD_OSKinetis_V3.1\project\ligen_car通用7-27-3.54\iar\FLASH\List\
#        -o
#        C:\Users\Administrator\Desktop\lpld\LPLD_OSKinetis_V3.1\project\ligen_car通用7-27-3.54\iar\FLASH\Obj\
#        --no_cse --no_unroll --no_inline --no_code_motion --no_tbaa
#        --no_clustering --no_scheduling --debug --endian=little
#        --cpu=Cortex-M4F -e --fpu=None --dlib_config "C:\Program Files\IAR
#        Systems\Embedded Workbench 7.0\arm\INC\c\DLib_Config_Normal.h" -I
#        C:\Users\Administrator\Desktop\lpld\LPLD_OSKinetis_V3.1\project\ligen_car通用7-27-3.54\iar\..\app\
#        -I
#        C:\Users\Administrator\Desktop\lpld\LPLD_OSKinetis_V3.1\project\ligen_car通用7-27-3.54\iar\..\..\..\lib\CPU\
#        -I
#        C:\Users\Administrator\Desktop\lpld\LPLD_OSKinetis_V3.1\project\ligen_car通用7-27-3.54\iar\..\..\..\lib\common\
#        -I
#        C:\Users\Administrator\Desktop\lpld\LPLD_OSKinetis_V3.1\project\ligen_car通用7-27-3.54\iar\..\..\..\lib\LPLD\
#        -I
#        C:\Users\Administrator\Desktop\lpld\LPLD_OSKinetis_V3.1\project\ligen_car通用7-27-3.54\iar\..\..\..\lib\LPLD\HW\
#        -I
#        C:\Users\Administrator\Desktop\lpld\LPLD_OSKinetis_V3.1\project\ligen_car通用7-27-3.54\iar\..\..\..\lib\LPLD\DEV\
#        -I
#        C:\Users\Administrator\Desktop\lpld\LPLD_OSKinetis_V3.1\project\ligen_car通用7-27-3.54\iar\..\..\..\lib\LPLD\FUNC\
#        -I
#        C:\Users\Administrator\Desktop\lpld\LPLD_OSKinetis_V3.1\project\ligen_car通用7-27-3.54\iar\..\..\..\lib\uCOS-II\Ports\
#        -I
#        C:\Users\Administrator\Desktop\lpld\LPLD_OSKinetis_V3.1\project\ligen_car通用7-27-3.54\iar\..\..\..\lib\uCOS-II\Source\
#        -I
#        C:\Users\Administrator\Desktop\lpld\LPLD_OSKinetis_V3.1\project\ligen_car通用7-27-3.54\iar\..\..\..\lib\FatFs\
#        -I
#        C:\Users\Administrator\Desktop\lpld\LPLD_OSKinetis_V3.1\project\ligen_car通用7-27-3.54\iar\..\..\..\lib\FatFs\option\
#        -I
#        C:\Users\Administrator\Desktop\lpld\LPLD_OSKinetis_V3.1\project\ligen_car通用7-27-3.54\iar\..\..\..\lib\USB\common\
#        -I
#        C:\Users\Administrator\Desktop\lpld\LPLD_OSKinetis_V3.1\project\ligen_car通用7-27-3.54\iar\..\..\..\lib\USB\driver\
#        -I
#        C:\Users\Administrator\Desktop\lpld\LPLD_OSKinetis_V3.1\project\ligen_car通用7-27-3.54\iar\..\..\..\lib\USB\descriptor\
#        -I
#        C:\Users\Administrator\Desktop\lpld\LPLD_OSKinetis_V3.1\project\ligen_car通用7-27-3.54\iar\..\..\..\lib\USB\class\
#        -Ol -I "C:\Program Files\IAR Systems\Embedded Workbench
#        7.0\arm\CMSIS\Include\" -D ARM_MATH_CM4
#    List file    =  
#        C:\Users\Administrator\Desktop\lpld\LPLD_OSKinetis_V3.1\project\ligen_car通用7-27-3.54\iar\FLASH\List\PID.lst
#    Object file  =  
#        C:\Users\Administrator\Desktop\lpld\LPLD_OSKinetis_V3.1\project\ligen_car通用7-27-3.54\iar\FLASH\Obj\PID.o
#
###############################################################################

C:\Users\Administrator\Desktop\lpld\LPLD_OSKinetis_V3.1\project\ligen_car通用7-27-3.54\app\PID.c
      1          /*============================================================================
      2          文件名称：PID.c
      3          功能概要：MCF52255 PID
      4          =============================================================================*/
      5          #include "sys.h"              
      6          #include "PID.h"
      7          
      8          #include <stdlib.h>
      9          #include <math.h>
     10          

   \                                 In section .data, align 4
     11          float DirectLeft=(DirectMiddle-80);// 900	  //舵机右值
   \                     DirectLeft:
   \   00000000   0x44238000         DC32 44238000H

   \                                 In section .data, align 4
     12          float DirectRight=(DirectMiddle+80); //2100舵机左值
   \                     DirectRight:
   \   00000000   0x444B8000         DC32 444B8000H

   \                                 In section .data, align 4
     13          float SpeedPid_P = 30;
   \                     SpeedPid_P:
   \   00000000   0x41F00000         DC32 41F00000H

   \                                 In section .data, align 4
     14          float SpeedPid_I = 1.8;
   \                     SpeedPid_I:
   \   00000000   0x3FE66666         DC32 3FE66666H

   \                                 In section .data, align 4
     15          float SpeedPid_D = 10.0;
   \                     SpeedPid_D:
   \   00000000   0x41200000         DC32 41200000H

   \                                 In section .bss, align 4
     16          int Showdirect=0;
   \                     Showdirect:
   \   00000000                      DS8 4

   \                                 In section .bss, align 2
     17          uint16 lastDirect=0;
   \                     lastDirect:
   \   00000000                      DS8 2
     18          
     19          /*============================================================================
     20          函数名称：SteerPID
     21          函数返回：无
     22          参数说明：       
     23          功能概要：舵机PID函数
     24          =============================================================================*/
     25          

   \                                 In section .bss, align 4
     26           SteetPidStruct SteerPID;
   \                     SteerPID:
   \   00000000                      DS8 16
     27           

   \                                 In section .bss, align 4
     28           MotorPidStruct MotorPID;
   \                     MotorPID:
   \   00000000                      DS8 36
     29          

   \                                 In section .text, align 2, keep-with-next
     30          uint16 SteerPidCal(float _excursion)
     31          {     
   \                     SteerPidCal: (+1)
   \   00000000   0xB570             PUSH     {R4-R6,LR}
     32          	int16 Direct  = 0; 
   \   00000002   0x2400             MOVS     R4,#+0
     33          	int16 LDirect = 0;
   \   00000004   0x2500             MOVS     R5,#+0
     34          	
     35                  
     36          
     37          SteerPID.Kp =1;
   \   00000006   0xF05F 0x517E      MOVS     R1,#+1065353216
   \   0000000A   0x....             LDR.N    R2,??DataTable1
   \   0000000C   0x6011             STR      R1,[R2, #+0]
     38          SteerPID.Kd = 0.3;
   \   0000000E   0x....             LDR.N    R1,??DataTable1_1  ;; 0x3e99999a
   \   00000010   0x....             LDR.N    R2,??DataTable1
   \   00000012   0x6051             STR      R1,[R2, #+4]
     39          
     40          	
     41          	SteerPID.e0 = _excursion;
   \   00000014   0x.... 0x....      BL       __aeabi_f2iz
   \   00000018   0x....             LDR.N    R1,??DataTable1
   \   0000001A   0x8108             STRH     R0,[R1, #+8]
     42          	duoji=SteerPID.Kp;
   \   0000001C   0x....             LDR.N    R0,??DataTable1
   \   0000001E   0x6800             LDR      R0,[R0, #+0]
   \   00000020   0x.... 0x....      BL       __aeabi_f2iz
   \   00000024   0x....             LDR.N    R1,??DataTable1_2
   \   00000026   0x6008             STR      R0,[R1, #+0]
     43           Direct = (uint16)(DirectMiddle-SteerPID.Kp*SteerPID.e0 - SteerPID.Kd*(SteerPID.e1-SteerPID.e2) );
   \   00000028   0x....             LDR.N    R0,??DataTable1
   \   0000002A   0xF9B0 0x0008      LDRSH    R0,[R0, #+8]
   \   0000002E   0x.... 0x....      BL       __aeabi_i2f
   \   00000032   0x....             LDR.N    R1,??DataTable1
   \   00000034   0x6809             LDR      R1,[R1, #+0]
   \   00000036   0x.... 0x....      BL       __aeabi_fmul
   \   0000003A   0x0001             MOVS     R1,R0
   \   0000003C   0x....             LDR.N    R0,??DataTable1_3  ;; 0x44378000
   \   0000003E   0x.... 0x....      BL       __aeabi_fsub
   \   00000042   0x0006             MOVS     R6,R0
   \   00000044   0x....             LDR.N    R0,??DataTable1
   \   00000046   0xF9B0 0x000A      LDRSH    R0,[R0, #+10]
   \   0000004A   0x....             LDR.N    R1,??DataTable1
   \   0000004C   0xF9B1 0x100C      LDRSH    R1,[R1, #+12]
   \   00000050   0x1A40             SUBS     R0,R0,R1
   \   00000052   0x.... 0x....      BL       __aeabi_i2f
   \   00000056   0x....             LDR.N    R1,??DataTable1
   \   00000058   0x6849             LDR      R1,[R1, #+4]
   \   0000005A   0x.... 0x....      BL       __aeabi_fmul
   \   0000005E   0x0001             MOVS     R1,R0
   \   00000060   0x0030             MOVS     R0,R6
   \   00000062   0x.... 0x....      BL       __aeabi_fsub
   \   00000066   0x.... 0x....      BL       __aeabi_f2iz
   \   0000006A   0x0004             MOVS     R4,R0
     44          
     45          
     46           if(Direct < DirectLeft)
   \   0000006C   0xB224             SXTH     R4,R4            ;; SignExt  R4,R4,#+16,#+16
   \   0000006E   0x0020             MOVS     R0,R4
   \   00000070   0x.... 0x....      BL       __aeabi_i2f
   \   00000074   0x....             LDR.N    R1,??DataTable1_4
   \   00000076   0x6809             LDR      R1,[R1, #+0]
   \   00000078   0x.... 0x....      BL       __aeabi_cfcmple
   \   0000007C   0xD205             BCS.N    ??SteerPidCal_0
     47          	{
     48          		Direct = DirectLeft;	
   \   0000007E   0x....             LDR.N    R0,??DataTable1_4
   \   00000080   0x6800             LDR      R0,[R0, #+0]
   \   00000082   0x.... 0x....      BL       __aeabi_f2iz
   \   00000086   0x0004             MOVS     R4,R0
   \   00000088   0xE00E             B.N      ??SteerPidCal_1
     49          	}
     50          	else if(Direct > DirectRight)
   \                     ??SteerPidCal_0: (+1)
   \   0000008A   0xB224             SXTH     R4,R4            ;; SignExt  R4,R4,#+16,#+16
   \   0000008C   0x0020             MOVS     R0,R4
   \   0000008E   0x.... 0x....      BL       __aeabi_i2f
   \   00000092   0x0001             MOVS     R1,R0
   \   00000094   0x....             LDR.N    R0,??DataTable1_5
   \   00000096   0x6800             LDR      R0,[R0, #+0]
   \   00000098   0x.... 0x....      BL       __aeabi_cfcmple
   \   0000009C   0xD204             BCS.N    ??SteerPidCal_1
     51          	{
     52          		Direct = DirectRight;	
   \   0000009E   0x....             LDR.N    R0,??DataTable1_5
   \   000000A0   0x6800             LDR      R0,[R0, #+0]
   \   000000A2   0x.... 0x....      BL       __aeabi_f2iz
   \   000000A6   0x0004             MOVS     R4,R0
     53          	}
     54          	Showdirect=Direct;
   \                     ??SteerPidCal_1: (+1)
   \   000000A8   0xB224             SXTH     R4,R4            ;; SignExt  R4,R4,#+16,#+16
   \   000000AA   0x....             LDR.N    R0,??DataTable1_6
   \   000000AC   0x6004             STR      R4,[R0, #+0]
     55          	SteerPID.e2 = SteerPID.e1;
   \   000000AE   0x....             LDR.N    R0,??DataTable1
   \   000000B0   0x8940             LDRH     R0,[R0, #+10]
   \   000000B2   0x....             LDR.N    R1,??DataTable1
   \   000000B4   0x8188             STRH     R0,[R1, #+12]
     56          	SteerPID.e1 = SteerPID.e0;
   \   000000B6   0x....             LDR.N    R0,??DataTable1
   \   000000B8   0x8900             LDRH     R0,[R0, #+8]
   \   000000BA   0x....             LDR.N    R1,??DataTable1
   \   000000BC   0x8148             STRH     R0,[R1, #+10]
     57          	lastDirect=Direct;
   \   000000BE   0x....             LDR.N    R0,??DataTable1_7
   \   000000C0   0x8004             STRH     R4,[R0, #+0]
     58                  
     59          
     60                  
     61          	return Direct;
   \   000000C2   0x0020             MOVS     R0,R4
   \   000000C4   0xB280             UXTH     R0,R0            ;; ZeroExt  R0,R0,#+16,#+16
   \   000000C6   0xBD70             POP      {R4-R6,PC}       ;; return
     62          }
     63          

   \                                 In section .text, align 2, keep-with-next
     64          int32 MotorPidCal(uint16 SpeedSet)         
     65          {    MotorSpeed=bm_z;
   \                     MotorPidCal: (+1)
   \   00000000   0xE92D 0x43F8      PUSH     {R3-R9,LR}
   \   00000004   0x0004             MOVS     R4,R0
   \   00000006   0x....             LDR.N    R0,??DataTable1_8
   \   00000008   0x6800             LDR      R0,[R0, #+0]
   \   0000000A   0x.... 0x....      BL       __aeabi_f2iz
   \   0000000E   0x....             LDR.N    R1,??DataTable1_9
   \   00000010   0x7008             STRB     R0,[R1, #+0]
     66          	MotorPID.e2 = MotorPID.e1;
   \   00000012   0x....             LDR.N    R0,??DataTable1_10
   \   00000014   0x6900             LDR      R0,[R0, #+16]
   \   00000016   0x....             LDR.N    R1,??DataTable1_10
   \   00000018   0x6148             STR      R0,[R1, #+20]
     67          	MotorPID.e1 = MotorPID.e0;
   \   0000001A   0x....             LDR.N    R0,??DataTable1_10
   \   0000001C   0x68C0             LDR      R0,[R0, #+12]
   \   0000001E   0x....             LDR.N    R1,??DataTable1_10
   \   00000020   0x6108             STR      R0,[R1, #+16]
     68          	MotorPID.e0 = SpeedSet-MotorSpeed;
   \   00000022   0xB2A4             UXTH     R4,R4            ;; ZeroExt  R4,R4,#+16,#+16
   \   00000024   0x....             LDR.N    R0,??DataTable1_9
   \   00000026   0x7800             LDRB     R0,[R0, #+0]
   \   00000028   0x1A20             SUBS     R0,R4,R0
   \   0000002A   0x....             LDR.N    R1,??DataTable1_10
   \   0000002C   0x60C8             STR      R0,[R1, #+12]
     69                 
     70          //	
     71          	MotorPID.Kp = SpeedPid_P;//12.0;
   \   0000002E   0x....             LDR.N    R0,??DataTable1_11
   \   00000030   0x6800             LDR      R0,[R0, #+0]
   \   00000032   0x....             LDR.N    R1,??DataTable1_10
   \   00000034   0x6008             STR      R0,[R1, #+0]
     72          	MotorPID.Ki = SpeedPid_I;//0.5;
   \   00000036   0x....             LDR.N    R0,??DataTable1_12
   \   00000038   0x6800             LDR      R0,[R0, #+0]
   \   0000003A   0x....             LDR.N    R1,??DataTable1_10
   \   0000003C   0x6048             STR      R0,[R1, #+4]
     73          	MotorPID.Kd = SpeedPid_D;//7.0;
   \   0000003E   0x....             LDR.N    R0,??DataTable1_13
   \   00000040   0x6800             LDR      R0,[R0, #+0]
   \   00000042   0x....             LDR.N    R1,??DataTable1_10
   \   00000044   0x6088             STR      R0,[R1, #+8]
     74          
     75          //	MotorPID.Kp = 12.0;//30;
     76          //	MotorPID.Ki = 0.5;//1.8;
     77          //	MotorPID.Kd = 7.0;//10.0;
     78          
     79          	MotorPID.DefaultSum = MotorPID.Kp*(MotorPID.e0-MotorPID.e1) + MotorPID.Ki*MotorPID.e0 + MotorPID.Kd*(MotorPID.e0 - 2.0*MotorPID.e1 + MotorPID.e2);
   \   00000046   0x....             LDR.N    R0,??DataTable1_10
   \   00000048   0x68C0             LDR      R0,[R0, #+12]
   \   0000004A   0x....             LDR.N    R1,??DataTable1_10
   \   0000004C   0x6909             LDR      R1,[R1, #+16]
   \   0000004E   0x1A40             SUBS     R0,R0,R1
   \   00000050   0x.... 0x....      BL       __aeabi_i2f
   \   00000054   0x....             LDR.N    R1,??DataTable1_10
   \   00000056   0x6809             LDR      R1,[R1, #+0]
   \   00000058   0x.... 0x....      BL       __aeabi_fmul
   \   0000005C   0x0004             MOVS     R4,R0
   \   0000005E   0x....             LDR.N    R0,??DataTable1_10
   \   00000060   0x68C0             LDR      R0,[R0, #+12]
   \   00000062   0x.... 0x....      BL       __aeabi_i2f
   \   00000066   0x....             LDR.N    R1,??DataTable1_10
   \   00000068   0x6849             LDR      R1,[R1, #+4]
   \   0000006A   0x.... 0x....      BL       __aeabi_fmul
   \   0000006E   0x0021             MOVS     R1,R4
   \   00000070   0x.... 0x....      BL       __aeabi_fadd
   \   00000074   0x.... 0x....      BL       __aeabi_f2d
   \   00000078   0x4680             MOV      R8,R0
   \   0000007A   0x4689             MOV      R9,R1
   \   0000007C   0x....             LDR.N    R0,??DataTable1_10
   \   0000007E   0x6880             LDR      R0,[R0, #+8]
   \   00000080   0x.... 0x....      BL       __aeabi_f2d
   \   00000084   0x0006             MOVS     R6,R0
   \   00000086   0x000F             MOVS     R7,R1
   \   00000088   0x....             LDR.N    R0,??DataTable1_10
   \   0000008A   0x68C0             LDR      R0,[R0, #+12]
   \   0000008C   0x.... 0x....      BL       __aeabi_i2d
   \   00000090   0x0004             MOVS     R4,R0
   \   00000092   0x000D             MOVS     R5,R1
   \   00000094   0x....             LDR.N    R0,??DataTable1_10
   \   00000096   0x6900             LDR      R0,[R0, #+16]
   \   00000098   0x.... 0x....      BL       __aeabi_i2d
   \   0000009C   0x2200             MOVS     R2,#+0
   \   0000009E   0xF05F 0x4380      MOVS     R3,#+1073741824
   \   000000A2   0x.... 0x....      BL       __aeabi_dmul
   \   000000A6   0x0002             MOVS     R2,R0
   \   000000A8   0x000B             MOVS     R3,R1
   \   000000AA   0x0020             MOVS     R0,R4
   \   000000AC   0x0029             MOVS     R1,R5
   \   000000AE   0x.... 0x....      BL       __aeabi_dsub
   \   000000B2   0x0004             MOVS     R4,R0
   \   000000B4   0x000D             MOVS     R5,R1
   \   000000B6   0x....             LDR.N    R0,??DataTable1_10
   \   000000B8   0x6940             LDR      R0,[R0, #+20]
   \   000000BA   0x.... 0x....      BL       __aeabi_i2d
   \   000000BE   0x0022             MOVS     R2,R4
   \   000000C0   0x002B             MOVS     R3,R5
   \   000000C2   0x.... 0x....      BL       __aeabi_dadd
   \   000000C6   0x0032             MOVS     R2,R6
   \   000000C8   0x003B             MOVS     R3,R7
   \   000000CA   0x.... 0x....      BL       __aeabi_dmul
   \   000000CE   0x4642             MOV      R2,R8
   \   000000D0   0x464B             MOV      R3,R9
   \   000000D2   0x.... 0x....      BL       __aeabi_dadd
   \   000000D6   0x.... 0x....      BL       __aeabi_d2iz
   \   000000DA   0x....             LDR.N    R1,??DataTable1_10
   \   000000DC   0x61C8             STR      R0,[R1, #+28]
     80          	    
     81          	MotorPID.Sum += MotorPID.DefaultSum;
   \   000000DE   0x....             LDR.N    R0,??DataTable1_10
   \   000000E0   0x6980             LDR      R0,[R0, #+24]
   \   000000E2   0x....             LDR.N    R1,??DataTable1_10
   \   000000E4   0x69C9             LDR      R1,[R1, #+28]
   \   000000E6   0x1808             ADDS     R0,R1,R0
   \   000000E8   0x....             LDR.N    R1,??DataTable1_10
   \   000000EA   0x6188             STR      R0,[R1, #+24]
     82          	if(MotorPID.Sum > MotorMax)
   \   000000EC   0x....             LDR.N    R0,??DataTable1_10
   \   000000EE   0x6980             LDR      R0,[R0, #+24]
   \   000000F0   0xF5B0 0x5FFA      CMP      R0,#+8000
   \   000000F4   0xDD03             BLE.N    ??MotorPidCal_0
     83          		MotorPID.Sum = MotorMax;
   \   000000F6   0xF44F 0x50FA      MOV      R0,#+8000
   \   000000FA   0x....             LDR.N    R1,??DataTable1_10
   \   000000FC   0x6188             STR      R0,[R1, #+24]
     84          	
     85          	if(MotorPID.Sum < MotorMin)
   \                     ??MotorPidCal_0: (+1)
   \   000000FE   0x....             LDR.N    R0,??DataTable1_10
   \   00000100   0x6980             LDR      R0,[R0, #+24]
   \   00000102   0xF510 0x5FFA      CMN      R0,#+8000
   \   00000106   0xDA02             BGE.N    ??MotorPidCal_1
     86          	  	MotorPID.Sum = MotorMin;
   \   00000108   0x....             LDR.N    R0,??DataTable1_14  ;; 0xffffe0c0
   \   0000010A   0x....             LDR.N    R1,??DataTable1_10
   \   0000010C   0x6188             STR      R0,[R1, #+24]
     87          	
     88          //	  	if(MotorPID.Sum<MotorMin)
     89          //		{
     90          //			LED3_On;
     91          //	  		MotorPID.Sum = MotorMin;
     92          //	  	}
     93          
     94          	 return MotorPID.Sum;
   \                     ??MotorPidCal_1: (+1)
   \   0000010E   0x....             LDR.N    R0,??DataTable1_10
   \   00000110   0x6980             LDR      R0,[R0, #+24]
   \   00000112   0xE8BD 0x83F2      POP      {R1,R4-R9,PC}    ;; return
     95          }              

   \                                 In section .text, align 4, keep-with-next
   \                     ??DataTable1:
   \   00000000   0x........         DC32     SteerPID

   \                                 In section .text, align 4, keep-with-next
   \                     ??DataTable1_1:
   \   00000000   0x3E99999A         DC32     0x3e99999a

   \                                 In section .text, align 4, keep-with-next
   \                     ??DataTable1_2:
   \   00000000   0x........         DC32     duoji

   \                                 In section .text, align 4, keep-with-next
   \                     ??DataTable1_3:
   \   00000000   0x44378000         DC32     0x44378000

   \                                 In section .text, align 4, keep-with-next
   \                     ??DataTable1_4:
   \   00000000   0x........         DC32     DirectLeft

   \                                 In section .text, align 4, keep-with-next
   \                     ??DataTable1_5:
   \   00000000   0x........         DC32     DirectRight

   \                                 In section .text, align 4, keep-with-next
   \                     ??DataTable1_6:
   \   00000000   0x........         DC32     Showdirect

   \                                 In section .text, align 4, keep-with-next
   \                     ??DataTable1_7:
   \   00000000   0x........         DC32     lastDirect

   \                                 In section .text, align 4, keep-with-next
   \                     ??DataTable1_8:
   \   00000000   0x........         DC32     bm_z

   \                                 In section .text, align 4, keep-with-next
   \                     ??DataTable1_9:
   \   00000000   0x........         DC32     MotorSpeed

   \                                 In section .text, align 4, keep-with-next
   \                     ??DataTable1_10:
   \   00000000   0x........         DC32     MotorPID

   \                                 In section .text, align 4, keep-with-next
   \                     ??DataTable1_11:
   \   00000000   0x........         DC32     SpeedPid_P

   \                                 In section .text, align 4, keep-with-next
   \                     ??DataTable1_12:
   \   00000000   0x........         DC32     SpeedPid_I

   \                                 In section .text, align 4, keep-with-next
   \                     ??DataTable1_13:
   \   00000000   0x........         DC32     SpeedPid_D

   \                                 In section .text, align 4, keep-with-next
   \                     ??DataTable1_14:
   \   00000000   0xFFFFE0C0         DC32     0xffffe0c0
     96          
     97          

   Maximum stack usage in bytes:

   .cstack Function
   ------- --------
      32   MotorPidCal
        32   -> __aeabi_d2iz
        32   -> __aeabi_dadd
        32   -> __aeabi_dmul
        32   -> __aeabi_dsub
        32   -> __aeabi_f2d
        32   -> __aeabi_f2iz
        32   -> __aeabi_fadd
        32   -> __aeabi_fmul
        32   -> __aeabi_i2d
        32   -> __aeabi_i2f
      16   SteerPidCal
        16   -> __aeabi_f2iz
        16   -> __aeabi_fmul
        16   -> __aeabi_fsub
        16   -> __aeabi_i2f
        16 __aeabi_cfcmple


   Section sizes:

   Bytes  Function/Label
   -----  --------------
       4  ??DataTable1
       4  ??DataTable1_1
       4  ??DataTable1_10
       4  ??DataTable1_11
       4  ??DataTable1_12
       4  ??DataTable1_13
       4  ??DataTable1_14
       4  ??DataTable1_2
       4  ??DataTable1_3
       4  ??DataTable1_4
       4  ??DataTable1_5
       4  ??DataTable1_6
       4  ??DataTable1_7
       4  ??DataTable1_8
       4  ??DataTable1_9
       4  DirectLeft
       4  DirectRight
      36  MotorPID
     278  MotorPidCal
       4  Showdirect
       4  SpeedPid_D
       4  SpeedPid_I
       4  SpeedPid_P
      16  SteerPID
     200  SteerPidCal
       2  lastDirect

 
  58 bytes in section .bss
  20 bytes in section .data
 538 bytes in section .text
 
 538 bytes of CODE memory
  78 bytes of DATA memory

Errors: none
Warnings: 7
